  OpenGL_4_Application_VS2015.cpp
OpenGL_4_Application_VS2015.cpp(80): warning C4305: 'initializing': truncation from 'double' to 'GLfloat'
OpenGL_4_Application_VS2015.cpp(88): warning C4305: 'initializing': truncation from 'double' to 'GLfloat'
OpenGL_4_Application_VS2015.cpp(93): warning C4305: 'initializing': truncation from 'double' to 'GLfloat'
OpenGL_4_Application_VS2015.cpp(171): warning C4244: 'initializing': conversion from 'double' to 'float', possible loss of data
OpenGL_4_Application_VS2015.cpp(172): warning C4244: 'initializing': conversion from 'double' to 'float', possible loss of data
OpenGL_4_Application_VS2015.cpp(173): warning C4244: '=': conversion from 'double' to 'GLfloat', possible loss of data
OpenGL_4_Application_VS2015.cpp(174): warning C4244: '=': conversion from 'double' to 'GLfloat', possible loss of data
OpenGL_4_Application_VS2015.cpp(175): warning C4305: 'initializing': truncation from 'double' to 'float'
OpenGL_4_Application_VS2015.cpp(198): warning C4305: '+=': truncation from 'double' to 'float'
OpenGL_4_Application_VS2015.cpp(207): warning C4305: '-=': truncation from 'double' to 'float'
OpenGL_4_Application_VS2015.cpp(574): warning C4305: '+=': truncation from 'double' to 'GLfloat'
OpenGL_4_Application_VS2015.cpp(575): warning C4305: '-=': truncation from 'double' to 'GLfloat'
OpenGL_4_Application_VS2015.cpp(602): warning C4305: '+=': truncation from 'double' to 'GLfloat'
OpenGL_4_Application_VS2015.cpp(622): warning C4305: '+=': truncation from 'double' to 'GLfloat'
OpenGL_4_Application_VS2015.cpp(641): warning C4305: '+=': truncation from 'double' to 'GLfloat'
OpenGL_4_Application_VS2015.cpp(718): warning C4305: '+=': truncation from 'double' to 'GLfloat'
OpenGL_4_Application_VS2015.cpp(719): warning C4305: '-=': truncation from 'double' to 'GLfloat'
OpenGL_4_Application_VS2015.cpp(746): warning C4305: '+=': truncation from 'double' to 'GLfloat'
OpenGL_4_Application_VS2015.cpp(765): warning C4305: '+=': truncation from 'double' to 'GLfloat'
OpenGL_4_Application_VS2015.cpp(784): warning C4305: '+=': truncation from 'double' to 'GLfloat'
LINK : warning LNK4098: defaultlib 'LIBCMT' conflicts with use of other libs; use /NODEFAULTLIB:library
  Generating code
  3 of 2351 functions ( 0.1%) were compiled, the rest were copied from previous compilation.
    0 functions were new in current compilation
    10 functions had inline decision re-evaluated but remain unchanged
  Finished generating code
Mesh.obj : warning LNK4049: locally defined symbol ___glewGenBuffers imported
Mesh.obj : warning LNK4049: locally defined symbol ___glewGenVertexArrays imported
Mesh.obj : warning LNK4049: locally defined symbol ___glewActiveTexture imported
Mesh.obj : warning LNK4049: locally defined symbol ___glewBufferData imported
Mesh.obj : warning LNK4049: locally defined symbol ___glewGetUniformLocation imported
Mesh.obj : warning LNK4049: locally defined symbol ___glewUniform1i imported
Mesh.obj : warning LNK4049: locally defined symbol ___glewBindBuffer imported
Mesh.obj : warning LNK4049: locally defined symbol ___glewVertexAttribPointer imported
Mesh.obj : warning LNK4049: locally defined symbol ___glewBindVertexArray imported
Mesh.obj : warning LNK4049: locally defined symbol ___glewEnableVertexAttribArray imported
Model3D.obj : warning LNK4049: locally defined symbol ___glewGenerateMipmap imported
Shader.obj : warning LNK4049: locally defined symbol ___glewLinkProgram imported
Shader.obj : warning LNK4049: locally defined symbol ___glewDeleteShader imported
Shader.obj : warning LNK4049: locally defined symbol ___glewGetProgramInfoLog imported
Shader.obj : warning LNK4049: locally defined symbol ___glewShaderSource imported
Shader.obj : warning LNK4049: locally defined symbol ___glewAttachShader imported
Shader.obj : warning LNK4049: locally defined symbol ___glewGetProgramiv imported
Shader.obj : warning LNK4049: locally defined symbol ___glewGetShaderInfoLog imported
Shader.obj : warning LNK4049: locally defined symbol ___glewCreateProgram imported
Shader.obj : warning LNK4049: locally defined symbol ___glewCreateShader imported
Shader.obj : warning LNK4049: locally defined symbol ___glewCompileShader imported
Shader.obj : warning LNK4049: locally defined symbol ___glewGetShaderiv imported
Shader.obj : warning LNK4049: locally defined symbol ___glewUseProgram imported
SkyBox.obj : warning LNK4049: locally defined symbol ___glewUniformMatrix4fv imported
glew32s.lib(glew.obj) : warning LNK4099: PDB 'vc120.pdb' was not found with 'glew32s.lib(glew.obj)' or at 'C:\Users\Radu\3D Objects\OpenGL_4_Application_VS2015\Release\vc120.pdb'; linking object as if no debug info
  OpenGL_4_Application_VS2015.vcxproj -> C:\Users\Radu\3D Objects\OpenGL_4_Application_VS2015\Release\OpenGL_4_Application_VS2015.exe
  OpenGL_4_Application_VS2015.vcxproj -> C:\Users\Radu\3D Objects\OpenGL_4_Application_VS2015\Release\OpenGL_4_Application_VS2015.pdb (Full PDB)
